<?xml version="1.0" encoding="UTF-8"?>
<testng-results skipped="0" failed="0" total="1" passed="1">
  <reporter-output>
  </reporter-output>
  <suite name="Default suite" duration-ms="11936" started-at="2021-05-11T22:08:49Z" finished-at="2021-05-11T22:09:00Z">
    <groups>
    </groups>
    <test name="Default test" duration-ms="11936" started-at="2021-05-11T22:08:49Z" finished-at="2021-05-11T22:09:00Z">
      <class name="com.qa.Zoopla.Test.HomePage">
        <test-method status="PASS" signature="getTitle()[pri:0, instance:com.qa.Zoopla.Test.HomePage@29774679]" name="getTitle" duration-ms="11928" started-at="2021-05-12T00:08:49Z" finished-at="2021-05-12T00:09:00Z">
          <reporter-output>
          </reporter-output>
        </test-method> <!-- getTitle -->
      </class> <!-- com.qa.Zoopla.Test.HomePage -->
    </test> <!-- Default test -->
  </suite> <!-- Default suite -->
</testng-results>
