<?xml version="1.0" encoding="UTF-8"?>
<testng-results skipped="0" failed="0" total="2" passed="2">
  <reporter-output>
  </reporter-output>
  <suite name="Suite" duration-ms="23642" started-at="2021-06-08T14:30:02Z" finished-at="2021-06-08T14:30:26Z">
    <groups>
    </groups>
    <test name="Test" duration-ms="23642" started-at="2021-06-08T14:30:02Z" finished-at="2021-06-08T14:30:26Z">
      <class name="com.qa.Zoopla.Test.HomePage_Test">
        <test-method status="PASS" signature="startApp()[pri:0, instance:com.qa.Zoopla.Test.HomePage_Test@6a4f787b]" name="startApp" is-config="true" duration-ms="8230" started-at="2021-06-08T16:30:02Z" finished-at="2021-06-08T16:30:10Z">
          <reporter-output>
          </reporter-output>
        </test-method> <!-- startApp -->
        <test-method status="PASS" signature="fromDisplayed()[pri:0, instance:com.qa.Zoopla.Test.HomePage_Test@6a4f787b]" name="fromDisplayed" duration-ms="32" started-at="2021-06-08T16:30:10Z" finished-at="2021-06-08T16:30:10Z">
          <reporter-output>
          </reporter-output>
        </test-method> <!-- fromDisplayed -->
        <test-method status="PASS" signature="closeBrowser()[pri:0, instance:com.qa.Zoopla.Test.HomePage_Test@6a4f787b]" name="closeBrowser" is-config="true" duration-ms="2081" started-at="2021-06-08T16:30:10Z" finished-at="2021-06-08T16:30:12Z">
          <reporter-output>
          </reporter-output>
        </test-method> <!-- closeBrowser -->
        <test-method status="PASS" signature="startApp()[pri:0, instance:com.qa.Zoopla.Test.HomePage_Test@6a4f787b]" name="startApp" is-config="true" duration-ms="12106" started-at="2021-06-08T16:30:12Z" finished-at="2021-06-08T16:30:24Z">
          <reporter-output>
          </reporter-output>
        </test-method> <!-- startApp -->
        <test-method status="PASS" signature="validateHomepageTitle()[pri:0, instance:com.qa.Zoopla.Test.HomePage_Test@6a4f787b]" name="validateHomepageTitle" duration-ms="26" started-at="2021-06-08T16:30:24Z" finished-at="2021-06-08T16:30:24Z">
          <reporter-output>
          </reporter-output>
        </test-method> <!-- validateHomepageTitle -->
        <test-method status="PASS" signature="closeBrowser()[pri:0, instance:com.qa.Zoopla.Test.HomePage_Test@6a4f787b]" name="closeBrowser" is-config="true" duration-ms="1152" started-at="2021-06-08T16:30:24Z" finished-at="2021-06-08T16:30:26Z">
          <reporter-output>
          </reporter-output>
        </test-method> <!-- closeBrowser -->
      </class> <!-- com.qa.Zoopla.Test.HomePage_Test -->
    </test> <!-- Test -->
  </suite> <!-- Suite -->
</testng-results>
